<?xml version="1.0" encoding="UTF-8"?>
<testng-results skipped="0" failed="1" total="2" passed="1">
  <reporter-output>
  </reporter-output>
  <suite name="WebTestSuite" duration-ms="2808" started-at="2015-11-08T16:22:29Z" finished-at="2015-11-08T16:22:32Z">
    <groups>
    </groups>
    <test name="CI-CD-Tests" duration-ms="2808" started-at="2015-11-08T16:22:29Z" finished-at="2015-11-08T16:22:32Z">
      <class name="com.hogai.webtest.search.BasicTest">
        <test-method status="PASS" signature="setUp(java.lang.String, java.lang.String)[pri:0, instance:com.hogai.webtest.search.BasicTest@576fb9a5]" name="setUp" is-config="true" duration-ms="2520" started-at="2015-11-08T08:22:29Z" finished-at="2015-11-08T08:22:32Z">
          <params>
            <param index="0">
              <value>
                <![CDATA[htmlUnit]]>
              </value>
            </param>
            <param index="1">
              <value>
                <![CDATA[http://www.google.com]]>
              </value>
            </param>
          </params>
          <reporter-output>
          </reporter-output>
        </test-method> <!-- setUp -->
        <test-method status="FAIL" signature="getTitleTestFail()[pri:0, instance:com.hogai.webtest.search.BasicTest@576fb9a5]" name="getTitleTestFail" duration-ms="15" started-at="2015-11-08T08:22:32Z" description="Page Title Mismatch" finished-at="2015-11-08T08:22:32Z">
          <exception class="java.lang.AssertionError">
            <message>
              <![CDATA[PageTitle Mismatches expected [true] but found [false]]]>
            </message>
            <full-stacktrace>
              <![CDATA[java.lang.AssertionError: PageTitle Mismatches expected [true] but found [false]
	at org.testng.Assert.fail(Assert.java:94)
	at org.testng.Assert.failNotEquals(Assert.java:494)
	at org.testng.Assert.assertTrue(Assert.java:42)
	at com.hogai.webtest.search.BasicTest.getTitleTestFail(BasicTest.java:65)
	at sun.reflect.NativeMethodAccessorImpl.invoke0(Native Method)
	at sun.reflect.NativeMethodAccessorImpl.invoke(Unknown Source)
	at sun.reflect.DelegatingMethodAccessorImpl.invoke(Unknown Source)
	at java.lang.reflect.Method.invoke(Unknown Source)
	at org.testng.internal.MethodInvocationHelper.invokeMethod(MethodInvocationHelper.java:84)
	at org.testng.internal.Invoker.invokeMethod(Invoker.java:714)
	at org.testng.internal.Invoker.invokeTestMethod(Invoker.java:901)
	at org.testng.internal.Invoker.invokeTestMethods(Invoker.java:1231)
	at org.testng.internal.TestMethodWorker.invokeTestMethods(TestMethodWorker.java:127)
	at org.testng.internal.TestMethodWorker.run(TestMethodWorker.java:111)
	at org.testng.TestRunner.privateRun(TestRunner.java:767)
	at org.testng.TestRunner.run(TestRunner.java:617)
	at org.testng.SuiteRunner.runTest(SuiteRunner.java:348)
	at org.testng.SuiteRunner.runSequentially(SuiteRunner.java:343)
	at org.testng.SuiteRunner.privateRun(SuiteRunner.java:305)
	at org.testng.SuiteRunner.run(SuiteRunner.java:254)
	at org.testng.SuiteRunnerWorker.runSuite(SuiteRunnerWorker.java:52)
	at org.testng.SuiteRunnerWorker.run(SuiteRunnerWorker.java:86)
	at org.testng.TestNG.runSuitesSequentially(TestNG.java:1224)
	at org.testng.TestNG.runSuitesLocally(TestNG.java:1149)
	at org.testng.TestNG.run(TestNG.java:1057)
	at org.testng.remote.RemoteTestNG.run(RemoteTestNG.java:111)
	at org.testng.remote.RemoteTestNG.initAndRun(RemoteTestNG.java:204)
	at org.testng.remote.RemoteTestNG.main(RemoteTestNG.java:175)
]]>
            </full-stacktrace>
          </exception> <!-- java.lang.AssertionError -->
          <reporter-output>
          </reporter-output>
        </test-method> <!-- getTitleTestFail -->
        <test-method status="PASS" signature="tearDown()[pri:0, instance:com.hogai.webtest.search.BasicTest@576fb9a5]" name="tearDown" is-config="true" duration-ms="1" started-at="2015-11-08T08:22:32Z" finished-at="2015-11-08T08:22:32Z">
          <reporter-output>
          </reporter-output>
        </test-method> <!-- tearDown -->
        <test-method status="PASS" signature="setUp(java.lang.String, java.lang.String)[pri:0, instance:com.hogai.webtest.search.BasicTest@576fb9a5]" name="setUp" is-config="true" duration-ms="236" started-at="2015-11-08T08:22:32Z" finished-at="2015-11-08T08:22:32Z">
          <params>
            <param index="0">
              <value>
                <![CDATA[htmlUnit]]>
              </value>
            </param>
            <param index="1">
              <value>
                <![CDATA[http://www.google.com]]>
              </value>
            </param>
          </params>
          <reporter-output>
          </reporter-output>
        </test-method> <!-- setUp -->
        <test-method status="PASS" signature="getTitleTestPass()[pri:0, instance:com.hogai.webtest.search.BasicTest@576fb9a5]" name="getTitleTestPass" duration-ms="1" started-at="2015-11-08T08:22:32Z" description="Page Title Match" finished-at="2015-11-08T08:22:32Z">
          <reporter-output>
          </reporter-output>
        </test-method> <!-- getTitleTestPass -->
        <test-method status="PASS" signature="tearDown()[pri:0, instance:com.hogai.webtest.search.BasicTest@576fb9a5]" name="tearDown" is-config="true" duration-ms="0" started-at="2015-11-08T08:22:32Z" finished-at="2015-11-08T08:22:32Z">
          <reporter-output>
          </reporter-output>
        </test-method> <!-- tearDown -->
      </class> <!-- com.hogai.webtest.search.BasicTest -->
    </test> <!-- CI-CD-Tests -->
  </suite> <!-- WebTestSuite -->
</testng-results>
